Removed Pin From Net: NetName=LED_C0 Pin=U1-2
Removed Pin From Net: NetName=LED_C1 Pin=U1-3
Removed Pin From Net: NetName=LED_C2 Pin=U1-4
Removed Pin From Net: NetName=LED_C3 Pin=U1-5
Removed Pin From Net: NetName=PROTOCOL Pin=U1-6
Removed Pin From Net: NetName=LED_R3 Pin=U1-35
Removed Pin From Net: NetName=LED_R2 Pin=U1-36
Removed Pin From Net: NetName=LED_R1 Pin=U1-38
Removed Pin From Net: NetName=THY_CH6 Pin=U1-42
Removed Pin From Net: NetName=THY_CH7 Pin=U1-43
Removed Pin From Net: NetName=THY_CH2 Pin=U1-45
Removed Pin From Net: NetName=LED_R0 Pin=U1-46
Added Pin To Net: NetName=LED_R3 Pin=U1-2
Added Pin To Net: NetName=PROTOCOL Pin=U1-3
Added Pin To Net: NetName=LED_R2 Pin=U1-4
Added Pin To Net: NetName=LED_R1 Pin=U1-5
Added Pin To Net: NetName=LED_R0 Pin=U1-6
Added Pin To Net: NetName=THY_CH7 Pin=U1-35
Added Pin To Net: NetName=THY_CH6 Pin=U1-36
Added Pin To Net: NetName=THY_CH2 Pin=U1-38
Added Pin To Net: NetName=LED_C3 Pin=U1-42
Added Pin To Net: NetName=LED_C2 Pin=U1-43
Added Pin To Net: NetName=LED_C1 Pin=U1-45
Added Pin To Net: NetName=LED_C0 Pin=U1-46
