Removed Pin From Net: NetName=ADDR_0 Pin=R10-2
Removed Pin From Net: NetName=ADDR_3 Pin=R11-2
Removed Pin From Net: NetName=LED_R0 Pin=U1-15
Removed Pin From Net: NetName=LED_R1 Pin=U1-16
Removed Pin From Net: NetName=LED_R2 Pin=U1-17
Removed Pin From Net: NetName=THY_CH0 Pin=U1-18
Removed Pin From Net: NetName=THY_CH1 Pin=U1-19
Removed Pin From Net: NetName=THY_CH2 Pin=U1-20
Removed Pin From Net: NetName=THY_CH10 Pin=U1-21
Removed Pin From Net: NetName=THY_CH11 Pin=U1-22
Removed Pin From Net: NetName=THY_CH13 Pin=U1-26
Removed Pin From Net: NetName=THY_CH14 Pin=U1-27
Removed Pin From Net: NetName=THY_CH15 Pin=U1-28
Removed Pin From Net: NetName=LED_R3 Pin=U1-29
Removed Pin From Net: NetName=BTN_MV Pin=U1-32
Removed Pin From Net: NetName=BTN_FN Pin=U1-33
Removed Pin From Net: NetName=ADDR_1 Pin=U1-35
Removed Pin From Net: NetName=ADDR_2 Pin=U1-36
Removed Pin From Net: NetName=ADDR_4 Pin=U1-38
Removed Pin From Net: NetName=THY_CH8 Pin=U1-45
Removed Pin From Net: NetName=THY_CH9 Pin=U1-46
Added Pin To Net: NetName=BTN_MV Pin=R10-2
Added Pin To Net: NetName=BTN_FN Pin=R11-2
Added Pin To Net: NetName=ADDR_4 Pin=U1-15
Added Pin To Net: NetName=ADDR_3 Pin=U1-16
Added Pin To Net: NetName=ADDR_2 Pin=U1-17
Added Pin To Net: NetName=ADDR_1 Pin=U1-18
Added Pin To Net: NetName=ADDR_0 Pin=U1-19
Added Pin To Net: NetName=THY_CH15 Pin=U1-20
Added Pin To Net: NetName=THY_CH14 Pin=U1-21
Added Pin To Net: NetName=THY_CH13 Pin=U1-22
Added Pin To Net: NetName=THY_CH11 Pin=U1-26
Added Pin To Net: NetName=THY_CH10 Pin=U1-27
Added Pin To Net: NetName=THY_CH9 Pin=U1-28
Added Pin To Net: NetName=THY_CH8 Pin=U1-29
Added Pin To Net: NetName=THY_CH0 Pin=U1-32
Added Pin To Net: NetName=THY_CH1 Pin=U1-33
Added Pin To Net: NetName=LED_R3 Pin=U1-35
Added Pin To Net: NetName=LED_R2 Pin=U1-36
Added Pin To Net: NetName=LED_R1 Pin=U1-38
Added Pin To Net: NetName=THY_CH2 Pin=U1-45
Added Pin To Net: NetName=LED_R0 Pin=U1-46
